TN:
SF:knexfile.js
FNF:0
FNH:0
DA:1,1
LF:1
LH:1
BRF:0
BRH:0
end_of_record
TN:
SF:api\secrets.js
FNF:0
FNH:0
DA:1,1
LF:1
LH:1
BRDA:2,0,0,1
BRDA:2,0,1,1
BRF:2
BRH:2
end_of_record
TN:
SF:api\server.js
FNF:0
FNH:0
DA:1,1
DA:2,1
DA:3,1
DA:5,1
DA:6,1
DA:7,1
DA:9,1
DA:11,1
DA:12,1
DA:13,1
DA:15,1
DA:16,1
DA:20,1
LF:13
LH:13
BRF:0
BRH:0
end_of_record
TN:
SF:auth\auth-model.js
FN:10,find
FN:14,findBy
FN:18,add
FN:24,findById
FNF:4
FNH:3
FNDA:0,find
FNDA:2,findBy
FNDA:2,add
FNDA:2,findById
DA:1,1
DA:3,1
DA:11,0
DA:15,2
DA:19,2
DA:21,2
DA:25,2
LF:7
LH:6
BRF:0
BRH:0
end_of_record
TN:
SF:auth\auth-router.js
FN:9,(anonymous_0)
FN:15,(anonymous_1)
FN:18,(anonymous_2)
FN:24,(anonymous_3)
FN:26,(anonymous_4)
FN:29,(anonymous_5)
FN:34,(anonymous_6)
FN:38,(anonymous_7)
FN:47,(anonymous_8)
FN:53,generateToken
FNF:10
FNH:5
FNDA:2,(anonymous_0)
FNDA:2,(anonymous_1)
FNDA:0,(anonymous_2)
FNDA:0,(anonymous_3)
FNDA:0,(anonymous_4)
FNDA:0,(anonymous_5)
FNDA:2,(anonymous_6)
FNDA:2,(anonymous_7)
FNDA:0,(anonymous_8)
FNDA:1,generateToken
DA:1,1
DA:2,1
DA:3,1
DA:5,1
DA:7,1
DA:9,1
DA:10,2
DA:11,2
DA:12,2
DA:13,2
DA:14,2
DA:16,2
DA:19,0
DA:20,0
DA:24,1
DA:25,0
DA:27,0
DA:30,0
DA:34,1
DA:35,2
DA:37,2
DA:39,2
DA:40,1
DA:42,1
DA:44,1
DA:48,0
DA:49,0
DA:55,1
DA:59,1
DA:60,1
DA:64,1
DA:67,1
LF:32
LH:25
BRDA:11,0,0,2
BRDA:11,0,1,2
BRDA:39,1,0,1
BRDA:39,1,1,1
BRDA:39,2,0,2
BRDA:39,2,1,1
BRF:6
BRH:6
end_of_record
TN:
SF:auth\authenticate-middleware.js
FN:5,(anonymous_0)
FN:13,(anonymous_1)
FNF:2
FNH:2
FNDA:4,(anonymous_0)
FNDA:2,(anonymous_1)
DA:1,1
DA:3,1
DA:5,1
DA:7,4
DA:9,4
DA:11,4
DA:13,2
DA:15,2
DA:16,0
DA:18,2
DA:20,2
DA:24,2
LF:12
LH:11
BRDA:11,0,0,2
BRDA:11,0,1,2
BRDA:15,1,0,0
BRDA:15,1,1,2
BRF:4
BRH:3
end_of_record
TN:
SF:database\dbConfig.js
FNF:0
FNH:0
DA:1,1
DA:3,1
DA:5,1
LF:3
LH:3
BRF:0
BRH:0
end_of_record
TN:
SF:med\med-router.js
FN:23,(anonymous_0)
FN:28,(anonymous_1)
FN:31,(anonymous_2)
FN:41,(anonymous_3)
FN:44,(anonymous_4)
FN:51,(anonymous_5)
FNF:6
FNH:2
FNDA:0,(anonymous_0)
FNDA:0,(anonymous_1)
FNDA:0,(anonymous_2)
FNDA:2,(anonymous_3)
FNDA:2,(anonymous_4)
FNDA:0,(anonymous_5)
DA:1,1
DA:3,1
DA:5,1
DA:23,1
DA:24,0
DA:25,0
DA:27,0
DA:29,0
DA:32,0
DA:41,1
DA:42,2
DA:43,2
DA:45,2
DA:46,2
DA:48,0
DA:52,0
DA:57,1
LF:17
LH:10
BRDA:45,0,0,2
BRDA:45,0,1,0
BRF:2
BRH:1
end_of_record
TN:
SF:med\meds-model.js
FN:9,getMeds
FN:14,findById
FN:19,add
FNF:3
FNH:1
FNDA:0,getMeds
FNDA:2,findById
FNDA:0,add
DA:1,1
DA:3,1
DA:10,0
DA:15,2
DA:21,0
DA:23,0
LF:6
LH:3
BRF:0
BRH:0
end_of_record
